

*******************************************************************************
Tue May  6 10:21:24 2025


FIT:    data read from "together.txt" using 4:5
        format = x:z
        #datapoints = 22497
        residuals are weighted equally (unit weight)

function used for fitting: f(x)
	f(x) = m*x + b
fitted parameters initialized with current variable values

   2 1.3002998173e+05  -3.01e-01  1.07e-01   -7.100241e-02   1.336305e+00

After 2 iterations the fit converged.
final sum of squares of residuals : 130030
rel. change during last iteration : -3.01013e-06

degrees of freedom    (FIT_NDF)                        : 22495
rms of residuals      (FIT_STDFIT) = sqrt(WSSR/ndf)    : 2.40425
variance of residuals (reduced chisquare) = WSSR/ndf   : 5.78039

Final set of parameters            Asymptotic Standard Error
=======================            ==========================
m               = -0.0710024       +/- 0.00337      (4.747%)
b               = 1.3363           +/- 0.05098      (3.815%)

correlation matrix of the fit parameters:
                m      b      
m               1.000 
b               0.949  1.000 


*******************************************************************************
Tue May  6 10:24:01 2025


FIT:    data read from "together.txt" using 4:5
        format = x:z
        #datapoints = 22497
        residuals are weighted equally (unit weight)

function used for fitting: f(x)
	f(x) = m*x + b
fitted parameters initialized with current variable values

   2 1.3002998173e+05  -3.01e-01  1.07e-01   -7.100241e-02   1.336305e+00

After 2 iterations the fit converged.
final sum of squares of residuals : 130030
rel. change during last iteration : -3.01013e-06

degrees of freedom    (FIT_NDF)                        : 22495
rms of residuals      (FIT_STDFIT) = sqrt(WSSR/ndf)    : 2.40425
variance of residuals (reduced chisquare) = WSSR/ndf   : 5.78039

Final set of parameters            Asymptotic Standard Error
=======================            ==========================
m               = -0.0710024       +/- 0.00337      (4.747%)
b               = 1.3363           +/- 0.05098      (3.815%)

correlation matrix of the fit parameters:
                m      b      
m               1.000 
b               0.949  1.000 


*******************************************************************************
Tue May  6 10:25:27 2025


FIT:    data read from "together.txt" using 4:5
        format = x:z
        #datapoints = 22497
        residuals are weighted equally (unit weight)

function used for fitting: f(x)
	f(x) = m*x + b
fitted parameters initialized with current variable values

   2 1.3002998173e+05  -3.01e-01  1.07e-01   -7.100241e-02   1.336305e+00

After 2 iterations the fit converged.
final sum of squares of residuals : 130030
rel. change during last iteration : -3.01013e-06

degrees of freedom    (FIT_NDF)                        : 22495
rms of residuals      (FIT_STDFIT) = sqrt(WSSR/ndf)    : 2.40425
variance of residuals (reduced chisquare) = WSSR/ndf   : 5.78039

Final set of parameters            Asymptotic Standard Error
=======================            ==========================
m               = -0.0710024       +/- 0.00337      (4.747%)
b               = 1.3363           +/- 0.05098      (3.815%)

correlation matrix of the fit parameters:
                m      b      
m               1.000 
b               0.949  1.000 


*******************************************************************************
Tue May  6 10:26:12 2025


FIT:    data read from "together.txt" using 4:5
        format = x:z
        #datapoints = 22497
        residuals are weighted equally (unit weight)

function used for fitting: f(x)
	f(x) = m*x + b
fitted parameters initialized with current variable values

   2 1.3002998173e+05  -3.01e-01  1.07e-01   -7.100241e-02   1.336305e+00

After 2 iterations the fit converged.
final sum of squares of residuals : 130030
rel. change during last iteration : -3.01013e-06

degrees of freedom    (FIT_NDF)                        : 22495
rms of residuals      (FIT_STDFIT) = sqrt(WSSR/ndf)    : 2.40425
variance of residuals (reduced chisquare) = WSSR/ndf   : 5.78039

Final set of parameters            Asymptotic Standard Error
=======================            ==========================
m               = -0.0710024       +/- 0.00337      (4.747%)
b               = 1.3363           +/- 0.05098      (3.815%)

correlation matrix of the fit parameters:
                m      b      
m               1.000 
b               0.949  1.000 


*******************************************************************************
Tue May  6 10:26:34 2025


FIT:    data read from "together.txt" using 4:5
        format = x:z
        #datapoints = 22497
        residuals are weighted equally (unit weight)

function used for fitting: f(x)
	f(x) = m*x + b
fitted parameters initialized with current variable values

   2 1.3002998173e+05  -3.01e-01  1.07e-01   -7.100241e-02   1.336305e+00

After 2 iterations the fit converged.
final sum of squares of residuals : 130030
rel. change during last iteration : -3.01013e-06

degrees of freedom    (FIT_NDF)                        : 22495
rms of residuals      (FIT_STDFIT) = sqrt(WSSR/ndf)    : 2.40425
variance of residuals (reduced chisquare) = WSSR/ndf   : 5.78039

Final set of parameters            Asymptotic Standard Error
=======================            ==========================
m               = -0.0710024       +/- 0.00337      (4.747%)
b               = 1.3363           +/- 0.05098      (3.815%)

correlation matrix of the fit parameters:
                m      b      
m               1.000 
b               0.949  1.000 


*******************************************************************************
Tue May  6 10:27:06 2025


FIT:    data read from "together.txt" using 4:5
        format = x:z
        #datapoints = 22497
        residuals are weighted equally (unit weight)

function used for fitting: f(x)
	f(x) = m*x + b
fitted parameters initialized with current variable values

   2 1.3002998173e+05  -3.01e-01  1.07e-01   -7.100241e-02   1.336305e+00

After 2 iterations the fit converged.
final sum of squares of residuals : 130030
rel. change during last iteration : -3.01013e-06

degrees of freedom    (FIT_NDF)                        : 22495
rms of residuals      (FIT_STDFIT) = sqrt(WSSR/ndf)    : 2.40425
variance of residuals (reduced chisquare) = WSSR/ndf   : 5.78039

Final set of parameters            Asymptotic Standard Error
=======================            ==========================
m               = -0.0710024       +/- 0.00337      (4.747%)
b               = 1.3363           +/- 0.05098      (3.815%)

correlation matrix of the fit parameters:
                m      b      
m               1.000 
b               0.949  1.000 


*******************************************************************************
Tue May  6 10:27:14 2025


FIT:    data read from "together.txt" using 4:5
        format = x:z
        #datapoints = 22497
        residuals are weighted equally (unit weight)

function used for fitting: f(x)
	f(x) = m*x + b
fitted parameters initialized with current variable values

   2 1.3002998173e+05  -3.01e-01  1.07e-01   -7.100241e-02   1.336305e+00

After 2 iterations the fit converged.
final sum of squares of residuals : 130030
rel. change during last iteration : -3.01013e-06

degrees of freedom    (FIT_NDF)                        : 22495
rms of residuals      (FIT_STDFIT) = sqrt(WSSR/ndf)    : 2.40425
variance of residuals (reduced chisquare) = WSSR/ndf   : 5.78039

Final set of parameters            Asymptotic Standard Error
=======================            ==========================
m               = -0.0710024       +/- 0.00337      (4.747%)
b               = 1.3363           +/- 0.05098      (3.815%)

correlation matrix of the fit parameters:
                m      b      
m               1.000 
b               0.949  1.000 


*******************************************************************************
Tue May  6 10:27:29 2025


FIT:    data read from "together.txt" using 4:5
        format = x:z
        #datapoints = 22497
        residuals are weighted equally (unit weight)

function used for fitting: f(x)
	f(x) = m*x + b
fitted parameters initialized with current variable values

   2 1.3002998173e+05  -3.01e-01  1.07e-01   -7.100241e-02   1.336305e+00

After 2 iterations the fit converged.
final sum of squares of residuals : 130030
rel. change during last iteration : -3.01013e-06

degrees of freedom    (FIT_NDF)                        : 22495
rms of residuals      (FIT_STDFIT) = sqrt(WSSR/ndf)    : 2.40425
variance of residuals (reduced chisquare) = WSSR/ndf   : 5.78039

Final set of parameters            Asymptotic Standard Error
=======================            ==========================
m               = -0.0710024       +/- 0.00337      (4.747%)
b               = 1.3363           +/- 0.05098      (3.815%)

correlation matrix of the fit parameters:
                m      b      
m               1.000 
b               0.949  1.000 


*******************************************************************************
Tue May  6 10:30:51 2025


FIT:    data read from "together.txt" using 4:5
        format = x:z
        #datapoints = 22497
        residuals are weighted equally (unit weight)

function used for fitting: f(x)
	f(x) = m*x + b
fitted parameters initialized with current variable values

   2 1.3002998173e+05  -3.01e-01  1.07e-01   -7.100241e-02   1.336305e+00

After 2 iterations the fit converged.
final sum of squares of residuals : 130030
rel. change during last iteration : -3.01013e-06

degrees of freedom    (FIT_NDF)                        : 22495
rms of residuals      (FIT_STDFIT) = sqrt(WSSR/ndf)    : 2.40425
variance of residuals (reduced chisquare) = WSSR/ndf   : 5.78039

Final set of parameters            Asymptotic Standard Error
=======================            ==========================
m               = -0.0710024       +/- 0.00337      (4.747%)
b               = 1.3363           +/- 0.05098      (3.815%)

correlation matrix of the fit parameters:
                m      b      
m               1.000 
b               0.949  1.000 


*******************************************************************************
Tue May  6 10:33:07 2025


FIT:    data read from "together.txt" using 4:5
        format = x:z
        #datapoints = 22497
        residuals are weighted equally (unit weight)

function used for fitting: f(x)
	f(x) = m*x + b
fitted parameters initialized with current variable values

   2 1.3002998173e+05  -3.01e-01  1.07e-01   -7.100241e-02   1.336305e+00

After 2 iterations the fit converged.
final sum of squares of residuals : 130030
rel. change during last iteration : -3.01013e-06

degrees of freedom    (FIT_NDF)                        : 22495
rms of residuals      (FIT_STDFIT) = sqrt(WSSR/ndf)    : 2.40425
variance of residuals (reduced chisquare) = WSSR/ndf   : 5.78039

Final set of parameters            Asymptotic Standard Error
=======================            ==========================
m               = -0.0710024       +/- 0.00337      (4.747%)
b               = 1.3363           +/- 0.05098      (3.815%)

correlation matrix of the fit parameters:
                m      b      
m               1.000 
b               0.949  1.000 
